2024-06-16 12:23:51,270 - INFO -         Unnamed: 0                        product_name  label
0                0        사과 경북 청송 안동 부사 시나노골드 못난이 꿀사과      0
1                1                   고당도 프리미엄 블랙라벨 오렌지      1
2                2             골드망고 태국 무지개망고 애플망고 선물세트      2
3                3                부산 대저토마토 짭짤이 토마토 짭짜리      3
4                4  대저 짭짤이 토마토 부산 대저토마토 2.5kg 5kg 토 마토      3
...            ...                                 ...    ...
360314      364099                                 베이컨    316
360315      364100                             베이컨 베이컨    316
360316      364101                         베이컨 베이컨 베이컨    316
360317      364102                     베이컨 베이컨 베이컨 베이컨    316
360318      364103                 베이컨 베이컨 베이컨 베이컨 베이컨    316

[360319 rows x 3 columns]
2024-06-16 12:24:14,563 - INFO - Found GPU at: /device:GPU:0
2024-06-16 12:24:14,608 - INFO - There are 1 GPU(s) available.
2024-06-16 12:24:16,047 - INFO - 
2024-06-16 12:24:16,047 - INFO - ======== Epoch 1 / 10 ========
2024-06-16 12:24:16,047 - INFO - Training...
2024-06-16 12:24:51,466 - INFO -   Batch   500  of  4,054.    Elapsed: 0:00:35.
2024-06-16 12:25:26,922 - INFO -   Batch 1,000  of  4,054.    Elapsed: 0:01:11.
2024-06-16 12:26:02,392 - INFO -   Batch 1,500  of  4,054.    Elapsed: 0:01:46.
2024-06-16 12:26:37,880 - INFO -   Batch 2,000  of  4,054.    Elapsed: 0:02:22.
2024-06-16 12:27:13,398 - INFO -   Batch 2,500  of  4,054.    Elapsed: 0:02:57.
2024-06-16 12:27:48,907 - INFO -   Batch 3,000  of  4,054.    Elapsed: 0:03:33.
2024-06-16 12:28:24,429 - INFO -   Batch 3,500  of  4,054.    Elapsed: 0:04:08.
2024-06-16 12:28:59,956 - INFO -   Batch 4,000  of  4,054.    Elapsed: 0:04:44.
2024-06-16 12:29:03,788 - INFO - 
2024-06-16 12:29:03,788 - INFO -   Average training loss: 0.03
2024-06-16 12:29:03,788 - INFO -   Average training accuracy: 0.99
2024-06-16 12:29:03,789 - INFO -   Training epcoh took: 0:04:48
2024-06-16 12:29:03,789 - INFO - 
2024-06-16 12:29:03,789 - INFO - Running Validation...
2024-06-16 12:29:13,664 - INFO -   Loss: 0.03
2024-06-16 12:29:13,664 - INFO -   Accuracy: 0.99
2024-06-16 12:29:13,664 - INFO -   Validation took: 0:00:10
2024-06-16 12:29:13,664 - INFO - 
2024-06-16 12:29:13,664 - INFO - ======== Epoch 2 / 10 ========
2024-06-16 12:29:13,664 - INFO - Training...
2024-06-16 12:29:49,162 - INFO -   Batch   500  of  4,054.    Elapsed: 0:00:35.
2024-06-16 12:30:24,680 - INFO -   Batch 1,000  of  4,054.    Elapsed: 0:01:11.
2024-06-16 12:31:00,207 - INFO -   Batch 1,500  of  4,054.    Elapsed: 0:01:47.
2024-06-16 12:31:35,733 - INFO -   Batch 2,000  of  4,054.    Elapsed: 0:02:22.
2024-06-16 12:32:11,268 - INFO -   Batch 2,500  of  4,054.    Elapsed: 0:02:58.
2024-06-16 12:32:46,809 - INFO -   Batch 3,000  of  4,054.    Elapsed: 0:03:33.
2024-06-16 12:33:22,347 - INFO -   Batch 3,500  of  4,054.    Elapsed: 0:04:09.
2024-06-16 12:33:57,892 - INFO -   Batch 4,000  of  4,054.    Elapsed: 0:04:44.
2024-06-16 12:34:01,722 - INFO - 
2024-06-16 12:34:01,722 - INFO -   Average training loss: 0.02
2024-06-16 12:34:01,722 - INFO -   Average training accuracy: 0.99
2024-06-16 12:34:01,722 - INFO -   Training epcoh took: 0:04:48
2024-06-16 12:34:01,722 - INFO - 
2024-06-16 12:34:01,722 - INFO - Running Validation...
2024-06-16 12:34:11,621 - INFO -   Loss: 0.03
2024-06-16 12:34:11,621 - INFO -   Accuracy: 0.99
2024-06-16 12:34:11,621 - INFO -   Validation took: 0:00:10
2024-06-16 12:34:11,621 - INFO - 
2024-06-16 12:34:11,621 - INFO - ======== Epoch 3 / 10 ========
2024-06-16 12:34:11,621 - INFO - Training...
2024-06-16 12:34:47,136 - INFO -   Batch   500  of  4,054.    Elapsed: 0:00:36.
2024-06-16 12:35:22,682 - INFO -   Batch 1,000  of  4,054.    Elapsed: 0:01:11.
2024-06-16 12:35:58,229 - INFO -   Batch 1,500  of  4,054.    Elapsed: 0:01:47.
2024-06-16 12:36:33,781 - INFO -   Batch 2,000  of  4,054.    Elapsed: 0:02:22.
2024-06-16 12:37:09,329 - INFO -   Batch 2,500  of  4,054.    Elapsed: 0:02:58.
2024-06-16 12:37:44,876 - INFO -   Batch 3,000  of  4,054.    Elapsed: 0:03:33.
2024-06-16 12:38:20,430 - INFO -   Batch 3,500  of  4,054.    Elapsed: 0:04:09.
2024-06-16 12:38:55,980 - INFO -   Batch 4,000  of  4,054.    Elapsed: 0:04:44.
2024-06-16 12:38:59,812 - INFO - 
2024-06-16 12:38:59,812 - INFO -   Average training loss: 0.02
2024-06-16 12:38:59,812 - INFO -   Average training accuracy: 0.99
2024-06-16 12:38:59,812 - INFO -   Training epcoh took: 0:04:48
2024-06-16 12:38:59,812 - INFO - 
2024-06-16 12:38:59,812 - INFO - Running Validation...
2024-06-16 12:39:09,706 - INFO -   Loss: 0.03
2024-06-16 12:39:09,706 - INFO -   Accuracy: 0.99
2024-06-16 12:39:09,706 - INFO -   Validation took: 0:00:10
2024-06-16 12:39:09,706 - INFO - 
2024-06-16 12:39:09,706 - INFO - ======== Epoch 4 / 10 ========
2024-06-16 12:39:09,706 - INFO - Training...
2024-06-16 12:39:45,223 - INFO -   Batch   500  of  4,054.    Elapsed: 0:00:36.
2024-06-16 12:40:20,775 - INFO -   Batch 1,000  of  4,054.    Elapsed: 0:01:11.
2024-06-16 12:40:56,326 - INFO -   Batch 1,500  of  4,054.    Elapsed: 0:01:47.
2024-06-16 12:41:31,868 - INFO -   Batch 2,000  of  4,054.    Elapsed: 0:02:22.
2024-06-16 12:42:07,422 - INFO -   Batch 2,500  of  4,054.    Elapsed: 0:02:58.
2024-06-16 12:42:42,983 - INFO -   Batch 3,000  of  4,054.    Elapsed: 0:03:33.
2024-06-16 12:43:18,537 - INFO -   Batch 3,500  of  4,054.    Elapsed: 0:04:09.
2024-06-16 12:43:54,087 - INFO -   Batch 4,000  of  4,054.    Elapsed: 0:04:44.
2024-06-16 12:43:57,921 - INFO - 
2024-06-16 12:43:57,921 - INFO -   Average training loss: 0.02
2024-06-16 12:43:57,921 - INFO -   Average training accuracy: 0.99
2024-06-16 12:43:57,921 - INFO -   Training epcoh took: 0:04:48
2024-06-16 12:43:57,921 - INFO - 
2024-06-16 12:43:57,921 - INFO - Running Validation...
2024-06-16 12:44:07,813 - INFO -   Loss: 0.03
2024-06-16 12:44:07,813 - INFO -   Accuracy: 0.99
2024-06-16 12:44:07,813 - INFO -   Validation took: 0:00:10
2024-06-16 12:44:07,813 - INFO - 
2024-06-16 12:44:07,813 - INFO - ======== Epoch 5 / 10 ========
2024-06-16 12:44:07,813 - INFO - Training...
2024-06-16 12:44:43,329 - INFO -   Batch   500  of  4,054.    Elapsed: 0:00:36.
2024-06-16 12:45:18,888 - INFO -   Batch 1,000  of  4,054.    Elapsed: 0:01:11.
2024-06-16 12:45:54,442 - INFO -   Batch 1,500  of  4,054.    Elapsed: 0:01:47.
2024-06-16 12:46:29,997 - INFO -   Batch 2,000  of  4,054.    Elapsed: 0:02:22.
2024-06-16 12:47:05,542 - INFO -   Batch 2,500  of  4,054.    Elapsed: 0:02:58.
2024-06-16 12:47:41,101 - INFO -   Batch 3,000  of  4,054.    Elapsed: 0:03:33.
2024-06-16 12:48:16,653 - INFO -   Batch 3,500  of  4,054.    Elapsed: 0:04:09.
2024-06-16 12:48:52,212 - INFO -   Batch 4,000  of  4,054.    Elapsed: 0:04:44.
2024-06-16 12:48:56,046 - INFO - 
2024-06-16 12:48:56,046 - INFO -   Average training loss: 0.01
2024-06-16 12:48:56,046 - INFO -   Average training accuracy: 1.00
2024-06-16 12:48:56,046 - INFO -   Training epcoh took: 0:04:48
2024-06-16 12:48:56,046 - INFO - 
2024-06-16 12:48:56,046 - INFO - Running Validation...
2024-06-16 12:49:05,949 - INFO -   Loss: 0.03
2024-06-16 12:49:05,949 - INFO -   Accuracy: 0.99
2024-06-16 12:49:05,949 - INFO -   Validation took: 0:00:10
2024-06-16 12:49:05,949 - INFO - 
2024-06-16 12:49:05,949 - INFO - ======== Epoch 6 / 10 ========
2024-06-16 12:49:05,949 - INFO - Training...
2024-06-16 12:49:41,476 - INFO -   Batch   500  of  4,054.    Elapsed: 0:00:36.
2024-06-16 12:50:17,041 - INFO -   Batch 1,000  of  4,054.    Elapsed: 0:01:11.
2024-06-16 12:50:52,596 - INFO -   Batch 1,500  of  4,054.    Elapsed: 0:01:47.
2024-06-16 12:51:28,150 - INFO -   Batch 2,000  of  4,054.    Elapsed: 0:02:22.
2024-06-16 12:52:03,712 - INFO -   Batch 2,500  of  4,054.    Elapsed: 0:02:58.
2024-06-16 12:52:39,269 - INFO -   Batch 3,000  of  4,054.    Elapsed: 0:03:33.
2024-06-16 12:53:14,832 - INFO -   Batch 3,500  of  4,054.    Elapsed: 0:04:09.
2024-06-16 12:53:50,397 - INFO -   Batch 4,000  of  4,054.    Elapsed: 0:04:44.
2024-06-16 12:53:54,233 - INFO - 
2024-06-16 12:53:54,233 - INFO -   Average training loss: 0.01
2024-06-16 12:53:54,233 - INFO -   Average training accuracy: 1.00
2024-06-16 12:53:54,233 - INFO -   Training epcoh took: 0:04:48
2024-06-16 12:53:54,233 - INFO - 
2024-06-16 12:53:54,233 - INFO - Running Validation...
2024-06-16 12:54:04,139 - INFO -   Loss: 0.03
2024-06-16 12:54:04,139 - INFO -   Accuracy: 0.99
2024-06-16 12:54:04,139 - INFO -   Validation took: 0:00:10
2024-06-16 12:54:04,139 - INFO - 
2024-06-16 12:54:04,139 - INFO - ======== Epoch 7 / 10 ========
2024-06-16 12:54:04,139 - INFO - Training...
2024-06-16 12:54:39,669 - INFO -   Batch   500  of  4,054.    Elapsed: 0:00:36.
2024-06-16 12:55:15,237 - INFO -   Batch 1,000  of  4,054.    Elapsed: 0:01:11.
2024-06-16 12:55:50,809 - INFO -   Batch 1,500  of  4,054.    Elapsed: 0:01:47.
2024-06-16 12:56:26,385 - INFO -   Batch 2,000  of  4,054.    Elapsed: 0:02:22.
2024-06-16 12:57:01,957 - INFO -   Batch 2,500  of  4,054.    Elapsed: 0:02:58.
2024-06-16 12:57:37,529 - INFO -   Batch 3,000  of  4,054.    Elapsed: 0:03:33.
2024-06-16 12:58:13,104 - INFO -   Batch 3,500  of  4,054.    Elapsed: 0:04:09.
2024-06-16 12:58:48,674 - INFO -   Batch 4,000  of  4,054.    Elapsed: 0:04:45.
2024-06-16 12:58:52,508 - INFO - 
2024-06-16 12:58:52,508 - INFO -   Average training loss: 0.01
2024-06-16 12:58:52,508 - INFO -   Average training accuracy: 1.00
2024-06-16 12:58:52,508 - INFO -   Training epcoh took: 0:04:48
2024-06-16 12:58:52,508 - INFO - 
2024-06-16 12:58:52,508 - INFO - Running Validation...
2024-06-16 12:59:02,407 - INFO -   Loss: 0.03
2024-06-16 12:59:02,407 - INFO -   Accuracy: 0.99
2024-06-16 12:59:02,407 - INFO -   Validation took: 0:00:10
2024-06-16 12:59:02,407 - INFO - 
2024-06-16 12:59:02,407 - INFO - ======== Epoch 8 / 10 ========
2024-06-16 12:59:02,407 - INFO - Training...
2024-06-16 12:59:37,932 - INFO -   Batch   500  of  4,054.    Elapsed: 0:00:36.
2024-06-16 13:00:13,499 - INFO -   Batch 1,000  of  4,054.    Elapsed: 0:01:11.
2024-06-16 13:00:49,077 - INFO -   Batch 1,500  of  4,054.    Elapsed: 0:01:47.
2024-06-16 13:01:24,651 - INFO -   Batch 2,000  of  4,054.    Elapsed: 0:02:22.
2024-06-16 13:02:00,232 - INFO -   Batch 2,500  of  4,054.    Elapsed: 0:02:58.
2024-06-16 13:02:35,800 - INFO -   Batch 3,000  of  4,054.    Elapsed: 0:03:33.
2024-06-16 13:03:11,373 - INFO -   Batch 3,500  of  4,054.    Elapsed: 0:04:09.
2024-06-16 13:03:46,936 - INFO -   Batch 4,000  of  4,054.    Elapsed: 0:04:45.
2024-06-16 13:03:50,771 - INFO - 
2024-06-16 13:03:50,771 - INFO -   Average training loss: 0.01
2024-06-16 13:03:50,771 - INFO -   Average training accuracy: 1.00
2024-06-16 13:03:50,771 - INFO -   Training epcoh took: 0:04:48
2024-06-16 13:03:50,771 - INFO - 
2024-06-16 13:03:50,771 - INFO - Running Validation...
2024-06-16 13:04:00,675 - INFO -   Loss: 0.03
2024-06-16 13:04:00,675 - INFO -   Accuracy: 0.99
2024-06-16 13:04:00,675 - INFO -   Validation took: 0:00:10
2024-06-16 13:04:00,675 - INFO - 
2024-06-16 13:04:00,675 - INFO - ======== Epoch 9 / 10 ========
2024-06-16 13:04:00,675 - INFO - Training...
2024-06-16 13:04:36,208 - INFO -   Batch   500  of  4,054.    Elapsed: 0:00:36.
2024-06-16 13:05:11,779 - INFO -   Batch 1,000  of  4,054.    Elapsed: 0:01:11.
2024-06-16 13:05:47,347 - INFO -   Batch 1,500  of  4,054.    Elapsed: 0:01:47.
2024-06-16 13:06:22,921 - INFO -   Batch 2,000  of  4,054.    Elapsed: 0:02:22.
2024-06-16 13:06:58,492 - INFO -   Batch 2,500  of  4,054.    Elapsed: 0:02:58.
2024-06-16 13:07:34,052 - INFO -   Batch 3,000  of  4,054.    Elapsed: 0:03:33.
2024-06-16 13:08:09,625 - INFO -   Batch 3,500  of  4,054.    Elapsed: 0:04:09.
2024-06-16 13:08:45,191 - INFO -   Batch 4,000  of  4,054.    Elapsed: 0:04:45.
2024-06-16 13:08:49,026 - INFO - 
2024-06-16 13:08:49,026 - INFO -   Average training loss: 0.01
2024-06-16 13:08:49,026 - INFO -   Average training accuracy: 1.00
2024-06-16 13:08:49,026 - INFO -   Training epcoh took: 0:04:48
2024-06-16 13:08:49,026 - INFO - 
2024-06-16 13:08:49,026 - INFO - Running Validation...
2024-06-16 13:08:58,932 - INFO -   Loss: 0.03
2024-06-16 13:08:58,933 - INFO -   Accuracy: 0.99
2024-06-16 13:08:58,933 - INFO -   Validation took: 0:00:10
2024-06-16 13:08:58,933 - INFO - 
2024-06-16 13:08:58,933 - INFO - ======== Epoch 10 / 10 ========
2024-06-16 13:08:58,933 - INFO - Training...
2024-06-16 13:09:34,477 - INFO -   Batch   500  of  4,054.    Elapsed: 0:00:36.
2024-06-16 13:10:10,058 - INFO -   Batch 1,000  of  4,054.    Elapsed: 0:01:11.
2024-06-16 13:10:45,642 - INFO -   Batch 1,500  of  4,054.    Elapsed: 0:01:47.
2024-06-16 13:11:21,221 - INFO -   Batch 2,000  of  4,054.    Elapsed: 0:02:22.
2024-06-16 13:11:56,800 - INFO -   Batch 2,500  of  4,054.    Elapsed: 0:02:58.
2024-06-16 13:12:32,390 - INFO -   Batch 3,000  of  4,054.    Elapsed: 0:03:33.
2024-06-16 13:13:07,974 - INFO -   Batch 3,500  of  4,054.    Elapsed: 0:04:09.
2024-06-16 13:13:43,560 - INFO -   Batch 4,000  of  4,054.    Elapsed: 0:04:45.
2024-06-16 13:13:47,398 - INFO - 
2024-06-16 13:13:47,398 - INFO -   Average training loss: 0.01
2024-06-16 13:13:47,398 - INFO -   Average training accuracy: 1.00
2024-06-16 13:13:47,398 - INFO -   Training epcoh took: 0:04:48
2024-06-16 13:13:47,398 - INFO - 
2024-06-16 13:13:47,398 - INFO - Running Validation...
2024-06-16 13:13:57,300 - INFO -   Loss: 0.03
2024-06-16 13:13:57,300 - INFO -   Accuracy: 0.99
2024-06-16 13:13:57,300 - INFO -   Validation took: 0:00:10
2024-06-16 13:13:57,300 - INFO - 
2024-06-16 13:13:57,300 - INFO - Training complete!
2024-06-16 13:13:59,495 - INFO -   Batch   100  of  1,126.    Elapsed: 0:00:02.
2024-06-16 13:14:01,689 - INFO -   Batch   200  of  1,126.    Elapsed: 0:00:04.
2024-06-16 13:14:03,883 - INFO -   Batch   300  of  1,126.    Elapsed: 0:00:07.
2024-06-16 13:14:06,078 - INFO -   Batch   400  of  1,126.    Elapsed: 0:00:09.
2024-06-16 13:14:08,274 - INFO -   Batch   500  of  1,126.    Elapsed: 0:00:11.
2024-06-16 13:14:10,469 - INFO -   Batch   600  of  1,126.    Elapsed: 0:00:13.
2024-06-16 13:14:12,665 - INFO -   Batch   700  of  1,126.    Elapsed: 0:00:15.
2024-06-16 13:14:14,860 - INFO -   Batch   800  of  1,126.    Elapsed: 0:00:18.
2024-06-16 13:14:17,054 - INFO -   Batch   900  of  1,126.    Elapsed: 0:00:20.
2024-06-16 13:14:19,248 - INFO -   Batch 1,000  of  1,126.    Elapsed: 0:00:22.
2024-06-16 13:14:21,442 - INFO -   Batch 1,100  of  1,126.    Elapsed: 0:00:24.
2024-06-16 13:14:22,014 - INFO - 
2024-06-16 13:14:22,014 - INFO - Loss: 0.03
2024-06-16 13:14:22,014 - INFO - Accuracy: 0.99
2024-06-16 13:14:22,014 - INFO - Test took: 0:00:25
2024-06-16 13:14:22,015 - INFO - 
Failed Predictions:
2024-06-16 13:14:22,307 - INFO - 
Failed predictions have been saved to 'failed_predictions.csv'
